Performing C++ SOURCE FILE Test HAS_NEON failed with the following output:
Change Dir: /workspace/just-luk.github.io/kodo/build/CMakeFiles/CMakeTmp

Run Build Command(s):/usr/bin/ninja cmTC_4de92 && [1/2] Building CXX object CMakeFiles/cmTC_4de92.dir/src.cxx.o
FAILED: CMakeFiles/cmTC_4de92.dir/src.cxx.o 
/usr/bin/clang++ -DHAS_NEON  -Werror -mfpu=neon -MD -MT CMakeFiles/cmTC_4de92.dir/src.cxx.o -MF CMakeFiles/cmTC_4de92.dir/src.cxx.o.d -o CMakeFiles/cmTC_4de92.dir/src.cxx.o -c /workspace/just-luk.github.io/kodo/build/CMakeFiles/CMakeTmp/src.cxx
clang: error: argument unused during compilation: '-mfpu=neon' [-Werror,-Wunused-command-line-argument]
ninja: build stopped: subcommand failed.


Source file was:
int main() { return 0; }
Performing C SOURCE FILE Test CMAKE_HAVE_LIBC_PTHREAD failed with the following output:
Change Dir: /workspace/just-luk.github.io/kodo/build/CMakeFiles/CMakeTmp

Run Build Command(s):/usr/bin/ninja cmTC_b2dc2 && [1/2] Building C object CMakeFiles/cmTC_b2dc2.dir/src.c.o
[2/2] Linking C executable cmTC_b2dc2
FAILED: cmTC_b2dc2 
: && /usr/bin/clang   CMakeFiles/cmTC_b2dc2.dir/src.c.o -o cmTC_b2dc2   && :
/usr/bin/ld: CMakeFiles/cmTC_b2dc2.dir/src.c.o: in function `main':
src.c:(.text+0x22): undefined reference to `pthread_create'
/usr/bin/ld: src.c:(.text+0x2b): undefined reference to `pthread_detach'
/usr/bin/ld: src.c:(.text+0x34): undefined reference to `pthread_cancel'
/usr/bin/ld: src.c:(.text+0x41): undefined reference to `pthread_join'
clang: error: linker command failed with exit code 1 (use -v to see invocation)
ninja: build stopped: subcommand failed.


Source file was:
#include <pthread.h>

static void* test_func(void* data)
{
  return data;
}

int main(void)
{
  pthread_t thread;
  pthread_create(&thread, NULL, test_func, NULL);
  pthread_detach(thread);
  pthread_cancel(thread);
  pthread_join(thread, NULL);
  pthread_atfork(NULL, NULL, NULL);
  pthread_exit(NULL);

  return 0;
}

Determining if the function pthread_create exists in the pthreads failed with the following output:
Change Dir: /workspace/just-luk.github.io/kodo/build/CMakeFiles/CMakeTmp

Run Build Command(s):/usr/bin/ninja cmTC_58de7 && [1/2] Building C object CMakeFiles/cmTC_58de7.dir/CheckFunctionExists.c.o
[2/2] Linking C executable cmTC_58de7
FAILED: cmTC_58de7 
: && /usr/bin/clang -DCHECK_FUNCTION_EXISTS=pthread_create -rdynamic CMakeFiles/cmTC_58de7.dir/CheckFunctionExists.c.o -o cmTC_58de7  -lpthreads && :
/usr/bin/ld: cannot find -lpthreads
clang: error: linker command failed with exit code 1 (use -v to see invocation)
ninja: build stopped: subcommand failed.



