wurf: Resolve execute load
----------------------------------------
Load "waf-tools"
resolve_symlinks/waf-tools => /workspace/nc-signatures/kodo/resolved_dependencies/waf-tools-51dff5/4.42.0-a3040c
----------------------------------------
Load "fifi"
resolve_symlinks/fifi => /workspace/nc-signatures/fifi
----------------------------------------
Load "platform"
resolve_symlinks/platform => /workspace/nc-signatures/kodo/resolved_dependencies/platform-bccd32/4.0.0-866635
----------------------------------------
Load "cpuid"
resolve_symlinks/cpuid => /workspace/nc-signatures/kodo/resolved_dependencies/cpuid-4d8071/8.0.0-5f0597
----------------------------------------
Load "bourne"
resolve_symlinks/bourne => /workspace/nc-signatures/kodo/resolved_dependencies/bourne-992fab/9.0.0-d18cba
----------------------------------------
Load "abacus"
resolve_symlinks/abacus => /workspace/nc-signatures/kodo/resolved_dependencies/abacus-1ae4f8/1.1.2-cc78b9
----------------------------------------
Load "gbenchmark"
resolve_symlinks/gbenchmark => /workspace/nc-signatures/kodo/resolved_dependencies/gbenchmark-33a8fa/1.0.1-9c10dc
----------------------------------------
Load "gtest"
resolve_symlinks/gtest => /workspace/nc-signatures/kodo/resolved_dependencies/gtest-5c3bfe/4.2.2-29b691
----------------------------------------
Load "gtest-source"
resolve_symlinks/gtest-source => /workspace/nc-signatures/kodo/resolved_dependencies/gtest-source-769aad/release-1.11.0-dfacd9
----------------------------------------
Load "gbenchmark-source"
resolve_symlinks/gbenchmark-source => /workspace/nc-signatures/kodo/resolved_dependencies/gbenchmark-source-ddb2bf/v1.5.5-5d8079
----------------------------------------
Load "stub"
resolve_symlinks/stub => /workspace/nc-signatures/kodo/resolved_dependencies/stub-90d487/6.5.0-2520a7
----------------------------------------
Load "endian"
resolve_symlinks/endian => /workspace/nc-signatures/kodo/resolved_dependencies/endian-30a816/12.1.0-c0871f
----------------------------------------
Load "recycle"
resolve_symlinks/recycle => /workspace/nc-signatures/kodo/resolved_dependencies/recycle-b2469b/6.0.0-573d1a
----------------------------------------
Load "ranbo"
resolve_symlinks/ranbo => /workspace/nc-signatures/kodo/resolved_dependencies/ranbo-aa5c0d/1.0.1-ef41c2
wurf: dependency_cache OrderedDict([('waf-tools', {'path': '/workspace/nc-signatures/kodo/resolve_symlinks/waf-tools', 'recurse': True}), ('platform', {'path': '/workspace/nc-signatures/kodo/resolve_symlinks/platform', 'recurse': True}), ('cpuid', {'path': '/workspace/nc-signatures/kodo/resolve_symlinks/cpuid', 'recurse': True}), ('bourne', {'path': '/workspace/nc-signatures/kodo/resolve_symlinks/bourne', 'recurse': True}), ('abacus', {'path': '/workspace/nc-signatures/kodo/resolve_symlinks/abacus', 'recurse': True}), ('fifi', {'path': '/workspace/nc-signatures/kodo/resolve_symlinks/fifi', 'recurse': True}), ('gtest-source', {'path': '/workspace/nc-signatures/kodo/resolve_symlinks/gtest-source', 'recurse': True}), ('gtest', {'path': '/workspace/nc-signatures/kodo/resolve_symlinks/gtest', 'recurse': True}), ('gbenchmark-source', {'path': '/workspace/nc-signatures/kodo/resolve_symlinks/gbenchmark-source', 'recurse': True}), ('gbenchmark', {'path': '/workspace/nc-signatures/kodo/resolve_symlinks/gbenchmark', 'recurse': True}), ('stub', {'path': '/workspace/nc-signatures/kodo/resolve_symlinks/stub', 'recurse': True}), ('endian', {'path': '/workspace/nc-signatures/kodo/resolve_symlinks/endian', 'recurse': True}), ('recycle', {'path': '/workspace/nc-signatures/kodo/resolve_symlinks/recycle', 'recurse': True}), ('ranbo', {'path': '/workspace/nc-signatures/kodo/resolve_symlinks/ranbo', 'recurse': True})])
